[0326/204828.796:ERROR:process_reader_win.cc(151)] SuspendThread: Access is denied. (0x5)
[0326/204828.800:ERROR:process_reader_win.cc(123)] NtOpenThread: {Access Denied} A process has requested access to an object, but has not been granted those access rights. (0xc0000022)
[0326/204828.802:ERROR:exception_snapshot_win.cc(98)] thread ID 19020 not found in process
[0326/204828.801:ERROR:process_reader_win.cc(151)] SuspendThread: Access is denied. (0x5)
[0326/204828.814:ERROR:process_reader_win.cc(151)] SuspendThread: Access is denied. (0x5)
[0326/204828.814:ERROR:process_reader_win.cc(123)] NtOpenThread: {Access Denied} A process has requested access to an object, but has not been granted those access rights. (0xc0000022)
[0326/204828.815:ERROR:exception_snapshot_win.cc(98)] thread ID 17700 not found in process
[0326/204828.833:ERROR:process_reader_win.cc(151)] SuspendThread: Access is denied. (0x5)
[0326/204828.833:ERROR:process_reader_win.cc(151)] SuspendThread: Access is denied. (0x5)
[0326/204828.833:ERROR:process_reader_win.cc(151)] SuspendThread: Access is denied. (0x5)
[0326/204828.833:ERROR:process_reader_win.cc(151)] SuspendThread: Access is denied. (0x5)
[0326/204828.833:ERROR:process_reader_win.cc(151)] SuspendThread: Access is denied. (0x5)
[0326/204828.833:ERROR:process_reader_win.cc(123)] NtOpenThread: {Access Denied} A process has requested access to an object, but has not been granted those access rights. (0xc0000022)
[0326/204828.834:ERROR:exception_snapshot_win.cc(98)] thread ID 18468 not found in process
[0326/204828.838:ERROR:process_reader_win.cc(151)] SuspendThread: Access is denied. (0x5)
[0326/204828.839:ERROR:process_reader_win.cc(151)] SuspendThread: Access is denied. (0x5)
[0326/204828.839:ERROR:process_reader_win.cc(151)] SuspendThread: Access is denied. (0x5)
[0326/204828.839:ERROR:process_reader_win.cc(151)] SuspendThread: Access is denied. (0x5)
[0326/204828.839:ERROR:process_reader_win.cc(123)] NtOpenThread: {Access Denied} A process has requested access to an object, but has not been granted those access rights. (0xc0000022)
[0326/204828.839:ERROR:exception_snapshot_win.cc(98)] thread ID 19028 not found in process
[0326/205032.898:ERROR:process_reader_win.cc(123)] NtOpenThread: {Access Denied} A process has requested access to an object, but has not been granted those access rights. (0xc0000022)
[0326/205032.904:ERROR:exception_snapshot_win.cc(98)] thread ID 5292 not found in process
[0326/205032.932:ERROR:process_reader_win.cc(123)] NtOpenThread: {Access Denied} A process has requested access to an object, but has not been granted those access rights. (0xc0000022)
[0326/205032.932:ERROR:exception_snapshot_win.cc(98)] thread ID 14616 not found in process
[0326/205151.683:ERROR:process_reader_win.cc(151)] SuspendThread: Access is denied. (0x5)
[0326/205151.689:ERROR:process_reader_win.cc(151)] SuspendThread: Access is denied. (0x5)
[0326/205151.684:ERROR:process_reader_win.cc(151)] SuspendThread: Access is denied. (0x5)
[0326/205151.690:ERROR:process_reader_win.cc(151)] SuspendThread: Access is denied. (0x5)
[0326/205151.690:ERROR:process_reader_win.cc(151)] SuspendThread: Access is denied. (0x5)
[0326/205151.690:ERROR:process_reader_win.cc(151)] SuspendThread: Access is denied. (0x5)
[0326/205151.690:ERROR:process_reader_win.cc(151)] SuspendThread: Access is denied. (0x5)
[0326/205151.690:ERROR:process_reader_win.cc(151)] SuspendThread: Access is denied. (0x5)
[0326/205151.690:ERROR:process_reader_win.cc(151)] SuspendThread: Access is denied. (0x5)
[0326/205151.690:ERROR:process_reader_win.cc(151)] SuspendThread: Access is denied. (0x5)
[0326/205151.690:ERROR:process_reader_win.cc(151)] SuspendThread: Access is denied. (0x5)
[0326/205151.690:ERROR:process_reader_win.cc(151)] SuspendThread: Access is denied. (0x5)
[0326/205151.691:ERROR:process_reader_win.cc(151)] SuspendThread: Access is denied. (0x5)
[0326/205151.691:ERROR:process_reader_win.cc(151)] SuspendThread: Access is denied. (0x5)
[0326/205151.691:ERROR:process_reader_win.cc(151)] SuspendThread: Access is denied. (0x5)
[0326/205151.691:ERROR:process_reader_win.cc(151)] SuspendThread: Access is denied. (0x5)
[0326/205151.692:ERROR:process_reader_win.cc(151)] SuspendThread: Access is denied. (0x5)
[0326/205151.692:ERROR:process_reader_win.cc(151)] SuspendThread: Access is denied. (0x5)
[0326/205151.692:ERROR:process_reader_win.cc(151)] SuspendThread: Access is denied. (0x5)
[0326/205151.692:ERROR:process_reader_win.cc(151)] SuspendThread: Access is denied. (0x5)
[0326/205151.692:ERROR:process_reader_win.cc(151)] SuspendThread: Access is denied. (0x5)
[0326/205151.693:ERROR:process_reader_win.cc(151)] SuspendThread: Access is denied. (0x5)
[0326/205151.693:ERROR:process_reader_win.cc(151)] SuspendThread: Access is denied. (0x5)
[0326/205151.693:ERROR:process_reader_win.cc(151)] SuspendThread: Access is denied. (0x5)
[0326/205151.693:ERROR:process_reader_win.cc(151)] SuspendThread: Access is denied. (0x5)
[0326/205151.693:ERROR:process_reader_win.cc(151)] SuspendThread: Access is denied. (0x5)
[0326/205151.693:ERROR:process_reader_win.cc(151)] SuspendThread: Access is denied. (0x5)
[0326/205151.693:ERROR:process_reader_win.cc(151)] SuspendThread: Access is denied. (0x5)
[0326/205151.693:ERROR:process_reader_win.cc(151)] SuspendThread: Access is denied. (0x5)
[0326/205151.694:ERROR:process_reader_win.cc(151)] SuspendThread: Access is denied. (0x5)
[0326/205151.693:ERROR:process_reader_win.cc(123)] NtOpenThread: {Access Denied} A process has requested access to an object, but has not been granted those access rights. (0xc0000022)
[0326/205151.694:ERROR:exception_snapshot_win.cc(98)] thread ID 7876 not found in process
[0326/205151.694:ERROR:process_reader_win.cc(123)] NtOpenThread: {Access Denied} A process has requested access to an object, but has not been granted those access rights. (0xc0000022)
[0326/205151.694:ERROR:exception_snapshot_win.cc(98)] thread ID 4660 not found in process
[0326/205151.720:ERROR:process_reader_win.cc(151)] SuspendThread: Access is denied. (0x5)
[0326/205151.720:ERROR:process_reader_win.cc(151)] SuspendThread: Access is denied. (0x5)
[0326/205151.720:ERROR:process_reader_win.cc(123)] NtOpenThread: {Access Denied} A process has requested access to an object, but has not been granted those access rights. (0xc0000022)
[0326/205151.720:ERROR:exception_snapshot_win.cc(98)] thread ID 14944 not found in process
[0326/205151.740:ERROR:process_reader_win.cc(151)] SuspendThread: Access is denied. (0x5)
[0326/205151.740:ERROR:process_reader_win.cc(151)] SuspendThread: Access is denied. (0x5)
[0326/205151.740:ERROR:process_reader_win.cc(151)] SuspendThread: Access is denied. (0x5)
[0326/205151.741:ERROR:process_reader_win.cc(151)] SuspendThread: Access is denied. (0x5)
[0326/205151.741:ERROR:process_reader_win.cc(123)] NtOpenThread: {Access Denied} A process has requested access to an object, but has not been granted those access rights. (0xc0000022)
[0326/205151.741:ERROR:exception_snapshot_win.cc(98)] thread ID 14728 not found in process
[0326/205151.749:ERROR:process_reader_win.cc(151)] SuspendThread: Access is denied. (0x5)
[0326/205151.749:ERROR:process_reader_win.cc(123)] NtOpenThread: {Access Denied} A process has requested access to an object, but has not been granted those access rights. (0xc0000022)
[0326/205151.749:ERROR:exception_snapshot_win.cc(98)] thread ID 20104 not found in process
[0326/205151.767:ERROR:process_reader_win.cc(123)] NtOpenThread: {Access Denied} A process has requested access to an object, but has not been granted those access rights. (0xc0000022)
[0326/205151.767:ERROR:exception_snapshot_win.cc(98)] thread ID 19168 not found in process
[0326/205341.483:ERROR:process_reader_win.cc(151)] SuspendThread: Access is denied. (0x5)
[0326/205341.485:ERROR:process_reader_win.cc(151)] SuspendThread: Access is denied. (0x5)
[0326/205341.485:ERROR:process_reader_win.cc(123)] NtOpenThread: {Access Denied} A process has requested access to an object, but has not been granted those access rights. (0xc0000022)
[0326/205341.489:ERROR:exception_snapshot_win.cc(98)] thread ID 7692 not found in process
[0326/205341.514:ERROR:process_reader_win.cc(123)] NtOpenThread: {Access Denied} A process has requested access to an object, but has not been granted those access rights. (0xc0000022)
[0326/205341.514:ERROR:exception_snapshot_win.cc(98)] thread ID 12524 not found in process
[0326/205341.478:ERROR:process_reader_win.cc(151)] SuspendThread: Access is denied. (0x5)
[0326/205341.709:ERROR:process_reader_win.cc(123)] NtOpenThread: An invalid Client ID was specified. (0xc000000b)
[0326/205341.709:ERROR:exception_snapshot_win.cc(98)] thread ID 18488 not found in process
[0326/205341.709:ERROR:scoped_process_suspend.cc(40)] NtResumeProcess: An attempt was made to access an exiting process. (0xc000010a)
[0326/205743.195:ERROR:process_reader_win.cc(123)] NtOpenThread: {Access Denied} A process has requested access to an object, but has not been granted those access rights. (0xc0000022)
[0326/205743.200:ERROR:exception_snapshot_win.cc(98)] thread ID 10824 not found in process
[0326/205743.221:ERROR:process_reader_win.cc(123)] NtOpenThread: {Access Denied} A process has requested access to an object, but has not been granted those access rights. (0xc0000022)
[0326/205743.221:ERROR:exception_snapshot_win.cc(98)] thread ID 19220 not found in process
[0326/211317.125:ERROR:process_reader_win.cc(151)] SuspendThread: Access is denied. (0x5)
[0326/211317.128:ERROR:process_reader_win.cc(151)] SuspendThread: Access is denied. (0x5)
[0326/211317.128:ERROR:process_reader_win.cc(151)] SuspendThread: Access is denied. (0x5)
[0326/211317.128:ERROR:process_reader_win.cc(151)] SuspendThread: Access is denied. (0x5)
[0326/211317.128:ERROR:process_reader_win.cc(151)] SuspendThread: Access is denied. (0x5)
[0326/211317.130:ERROR:process_reader_win.cc(151)] SuspendThread: Access is denied. (0x5)
[0326/211317.130:ERROR:process_reader_win.cc(151)] SuspendThread: Access is denied. (0x5)
[0326/211317.130:ERROR:process_reader_win.cc(151)] SuspendThread: Access is denied. (0x5)
[0326/211317.130:ERROR:process_reader_win.cc(151)] SuspendThread: Access is denied. (0x5)
[0326/211317.130:ERROR:process_reader_win.cc(151)] SuspendThread: Access is denied. (0x5)
[0326/211317.130:ERROR:process_reader_win.cc(151)] SuspendThread: Access is denied. (0x5)
[0326/211317.130:ERROR:process_reader_win.cc(151)] SuspendThread: Access is denied. (0x5)
[0326/211317.130:ERROR:process_reader_win.cc(151)] SuspendThread: Access is denied. (0x5)
[0326/211317.130:ERROR:process_reader_win.cc(151)] SuspendThread: Access is denied. (0x5)
[0326/211317.130:ERROR:process_reader_win.cc(151)] SuspendThread: Access is denied. (0x5)
[0326/211317.130:ERROR:process_reader_win.cc(151)] SuspendThread: Access is denied. (0x5)
[0326/211317.130:ERROR:process_reader_win.cc(151)] SuspendThread: Access is denied. (0x5)
[0326/211317.130:ERROR:process_reader_win.cc(151)] SuspendThread: Access is denied. (0x5)
[0326/211317.130:ERROR:process_reader_win.cc(151)] SuspendThread: Access is denied. (0x5)
[0326/211317.130:ERROR:process_reader_win.cc(151)] SuspendThread: Access is denied. (0x5)
[0326/211317.130:ERROR:process_reader_win.cc(151)] SuspendThread: Access is denied. (0x5)
[0326/211317.130:ERROR:process_reader_win.cc(151)] SuspendThread: Access is denied. (0x5)
[0326/211317.130:ERROR:process_reader_win.cc(123)] NtOpenThread: {Access Denied} A process has requested access to an object, but has not been granted those access rights. (0xc0000022)
[0326/211317.133:ERROR:exception_snapshot_win.cc(98)] thread ID 20684 not found in process
[0326/211317.172:ERROR:process_reader_win.cc(151)] SuspendThread: Access is denied. (0x5)
[0326/211317.172:ERROR:process_reader_win.cc(151)] SuspendThread: Access is denied. (0x5)
[0326/211317.172:ERROR:process_reader_win.cc(151)] SuspendThread: Access is denied. (0x5)
[0326/211317.172:ERROR:process_reader_win.cc(151)] SuspendThread: Access is denied. (0x5)
[0326/211317.173:ERROR:process_reader_win.cc(151)] SuspendThread: Access is denied. (0x5)
[0326/211317.173:ERROR:process_reader_win.cc(123)] NtOpenThread: {Access Denied} A process has requested access to an object, but has not been granted those access rights. (0xc0000022)
[0326/211317.173:ERROR:exception_snapshot_win.cc(98)] thread ID 21508 not found in process
[0326/214632.510:ERROR:process_reader_win.cc(123)] NtOpenThread: {Access Denied} A process has requested access to an object, but has not been granted those access rights. (0xc0000022)
[0326/214632.518:ERROR:exception_snapshot_win.cc(98)] thread ID 5300 not found in process
[0326/214632.526:ERROR:process_reader_win.cc(123)] NtOpenThread: {Access Denied} A process has requested access to an object, but has not been granted those access rights. (0xc0000022)
[0326/214632.526:ERROR:exception_snapshot_win.cc(98)] thread ID 22764 not found in process
[0326/214632.547:ERROR:process_reader_win.cc(123)] NtOpenThread: {Access Denied} A process has requested access to an object, but has not been granted those access rights. (0xc0000022)
[0326/214632.547:ERROR:exception_snapshot_win.cc(98)] thread ID 15608 not found in process
[0326/220701.143:ERROR:process_reader_win.cc(151)] SuspendThread: Access is denied. (0x5)
[0326/220701.147:ERROR:process_reader_win.cc(123)] NtOpenThread: {Access Denied} A process has requested access to an object, but has not been granted those access rights. (0xc0000022)
[0326/220701.149:ERROR:exception_snapshot_win.cc(98)] thread ID 8020 not found in process
[0326/220701.177:ERROR:process_reader_win.cc(151)] SuspendThread: Access is denied. (0x5)
[0326/220701.178:ERROR:process_reader_win.cc(151)] SuspendThread: Access is denied. (0x5)
[0326/220701.178:ERROR:process_reader_win.cc(151)] SuspendThread: Access is denied. (0x5)
[0326/220701.178:ERROR:process_reader_win.cc(151)] SuspendThread: Access is denied. (0x5)
[0326/220701.178:ERROR:process_reader_win.cc(123)] NtOpenThread: {Access Denied} A process has requested access to an object, but has not been granted those access rights. (0xc0000022)
[0326/220701.182:ERROR:exception_snapshot_win.cc(98)] thread ID 5996 not found in process
[0326/220701.143:ERROR:process_reader_win.cc(151)] SuspendThread: Access is denied. (0x5)
[0326/220701.186:ERROR:process_reader_win.cc(151)] SuspendThread: Access is denied. (0x5)
[0326/220701.187:ERROR:process_reader_win.cc(151)] SuspendThread: Access is denied. (0x5)
[0326/220701.187:ERROR:process_reader_win.cc(123)] NtOpenThread: {Access Denied} A process has requested access to an object, but has not been granted those access rights. (0xc0000022)
[0326/220701.187:ERROR:exception_snapshot_win.cc(98)] thread ID 19500 not found in process
[0326/220701.216:ERROR:process_reader_win.cc(151)] SuspendThread: Access is denied. (0x5)
[0326/220701.216:ERROR:process_reader_win.cc(151)] SuspendThread: Access is denied. (0x5)
[0326/220701.216:ERROR:process_reader_win.cc(123)] NtOpenThread: {Access Denied} A process has requested access to an object, but has not been granted those access rights. (0xc0000022)
[0326/220701.216:ERROR:exception_snapshot_win.cc(98)] thread ID 10776 not found in process
